*******************************************
class Config(object):
    N = 1 #6 in Transformer Paper
    d_model = 256 #512 in Transformer Paper
    d_ff = 512 #2048 in Transformer Paper
    h = 8
    dropout = 0.5
    output_size = 11
    lr = 0.001
    max_epochs = 1000
    batch_size = 256
    max_sen_len = 60
Final Training Accuracy: 0.7768
Final Validation Accuracy: 0.6601
Final Test Accuracy: 0.6674
*******************************************

*******************************************
class Config(object):
    N = 6 #6 in Transformer Paper
    d_model = 512 #512 in Transformer Paper
    d_ff = 2048 #2048 in Transformer Paper
    h = 8
    dropout = 0.5
    output_size = 11
    lr = 0.001
    max_epochs = 100
    batch_size = 256
    max_sen_len = 60
Final Training Accuracy: 0.6560
Final Validation Accuracy: 0.6135
Final Test Accuracy: 0.6560
*******************************************

*******************************************
Dimidiate
*********
class Config(object):
    N = 6 #6 in Transformer Paper
    d_model = 512 #512 in Transformer Paper
    d_ff = 2048 #2048 in Transformer Paper
    h = 8
    dropout = 0.1
    output_size = 11
    lr = 0.0005
    max_epochs = 100
    batch_size = 256
    max_sen_len = 60
Final Training Accuracy: 0.9291
Final Validation Accuracy: 0.6700
Final Test Accuracy: 0.6743
*******************************************

*******************************************
class Config(object):
    N = 6 #6 in Transformer Paper
    d_model = 512 #512 in Transformer Paper
    d_ff = 2048 #2048 in Transformer Paper
    h = 8
    dropout = 0.3
    output_size = 11
    lr = 0.0005
    max_epochs = 100
    batch_size = 256
    max_sen_len = 60
Final Training Accuracy: 0.8339
Final Validation Accuracy: 0.6391
Final Test Accuracy: 0.6307
*******************************************

*******************************************
class Config(object):
    N = 6 #6 in Transformer Paper
    d_model = 512 #512 in Transformer Paper
    d_ff = 2048 #2048 in Transformer Paper
    h = 8
    dropout = 0.5
    output_size = 11
    lr = 0.0005
    max_epochs = 200
    batch_size = 256
    max_sen_len = 60
Final Training Accuracy: 0.8198
Final Validation Accuracy: 0.6430
Final Test Accuracy: 0.6743
*******************************************

*******************************************
Exponential
***********
class Config(object):
    N = 6 #6 in Transformer Paper
    d_model = 512 #512 in Transformer Paper
    d_ff = 2048 #2048 in Transformer Paper
    h = 8
    dropout = 0.1
    output_size = 11
    lr = 0.0003
    max_epochs = 200
    batch_size = 256
    max_sen_len = 60
    gamma = 0.98
Final Training Accuracy: 0.8720
Final Validation Accuracy: 0.6679
Final Test Accuracy: 0.6328
*******************************************

*******************************************
Exponential
***********
class Config(object):
    N = 6 #6 in Transformer Paper
    d_model = 512 #512 in Transformer Paper
    d_ff = 2048 #2048 in Transformer Paper
    h = 8
    dropout = 0.1
    output_size = 11
    lr = 0.0005
    max_epochs = 100
    batch_size = 256
    max_sen_len = 60
    gamma = 0.99
Final Training Accuracy: 0.8781
Final Validation Accuracy: 0.6494
Final Test Accuracy: 0.6411
*******************************************

*******************************************
Exponential
***********
class Config(object):
    N = 6 #6 in Transformer Paper
    d_model = 512 #512 in Transformer Paper
    d_ff = 2048 #2048 in Transformer Paper
    h = 8
    dropout = 0.1
    output_size = 11
    lr = 0.00075
    max_epochs = 100
    batch_size = 256
    max_sen_len = 60
    gamma = 0.98
Final Training Accuracy: 0.8718
Final Validation Accuracy: 0.6095
Final Test Accuracy: 0.6535
*******************************************

*******************************************
Exponential
***********
class Config(object):
    N = 6 #6 in Transformer Paper
    d_model = 512 #512 in Transformer Paper
    d_ff = 2048 #2048 in Transformer Paper
    h = 8
    dropout = 0.1
    output_size = 11
    lr = 0.0005
    max_epochs = 100
    batch_size = 256
    max_sen_len = 60
    gamma = 0.98
Final Training Accuracy: 0.8765
Final Validation Accuracy: 0.6327
Final Test Accuracy: 0.6515
*******************************************

*******************************************
Exponential
***********
class Config(object):
    N = 6 #6 in Transformer Paper
    d_model = 512 #512 in Transformer Paper
    d_ff = 2048 #2048 in Transformer Paper
    h = 8
    dropout = 0.1
    output_size = 11
    lr = 0.0005
    max_epochs = 100
    batch_size = 256
    max_sen_len = 60
    gamma = 0.98
Final Training Accuracy: 0.8835
Final Validation Accuracy: 0.6704
Final Test Accuracy: 0.6831
*******************************************

*******************************************
Step
****
class Config(object):
    N = 6 #6 in Transformer Paper
    d_model = 512 #512 in Transformer Paper
    d_ff = 2048 #2048 in Transformer Paper
    h = 8
    dropout = 0.1
    output_size = 11
    lr = 0.0005
    max_epochs = 100
    batch_size = 256
    max_sen_len = 60
    gamma = 0.5
Final Training Accuracy: 0.8768
Final Validation Accuracy: 0.6753
Final Test Accuracy: 0.6660
*******************************************

*******************************************
Step(NO NLP)
************
class Config(object):
    N = 6 #6 in Transformer Paper
    d_model = 256 #512 in Transformer Paper
    d_ff = 512 #2048 in Transformer Paper
    h = 8
    dropout = 0.1
    output_size = 11
    lr = 0.0005
    max_epochs = 30
    batch_size = 16
    max_sen_len = 60
    gamma = 0.5
Final Training Accuracy: 0.9394
Final Validation Accuracy: 0.7302
Final Test Accuracy: 0.7225
*******************************************

##########FINAL RESULTS##########
        Train Accuracy: 0.8932
        Train Precision: 0.9694
        Train F1: 0.9748
        Train Recall: 0.9878
#################################
        Validation Accuracy: 0.7155
        Validation Precision: 0.8906
        Validation F1: 0.8917
        Validation Recall: 0.9188
#################################
        Test Accuracy: 0.7068
        Test Precision: 0.8601
        Test F1: 0.8575
        Test Recall: 0.8798
#################################

##########FINAL RESULTS##########
        Train Accuracy: 0.8004
        Train Precision: 0.9357
        Train F1: 0.9408
        Train Recall: 0.9603
#################################
        Validation Accuracy: 0.6655
        Validation Precision: 0.8838
        Validation F1: 0.8805
        Validation Recall: 0.9055
#################################
        Test Accuracy: 0.6912
        Test Precision: 0.9020
        Test F1: 0.8993
        Test Recall: 0.9195
#################################


------comparative results------
##########FINAL RESULTS##########
        Train Accuracy: 0.5624
        Train Precision: 0.7318
        Train F1: 0.7365
        Train Recall: 0.7917
#################################
        Validation Accuracy: 0.4818
        Validation Precision: 0.6784
        Validation F1: 0.6616
        Validation Recall: 0.7228
#################################
        Test Accuracy: 0.5000
        Test Precision: 0.6852
        Test F1: 0.6705
        Test Recall: 0.7325
#################################

##########FINAL RESULTS##########
        Train Accuracy: 0.6867
        Train Precision: 0.8246
        Train F1: 0.8270
        Train Recall: 0.8660
#################################
        Validation Accuracy: 0.5939
        Validation Precision: 0.7519
        Validation F1: 0.7388
        Validation Recall: 0.7886
#################################
        Test Accuracy: 0.6043
        Test Precision: 0.7579
        Test F1: 0.7392
        Test Recall: 0.7757
#################################